2025-08-15 01:03:48:289 [Appium] Welcome to Appium v2.19.0
2025-08-15 01:03:48:291 [Appium] Non-default server args:
2025-08-15 01:03:48:291 [Appium] { address: '127.0.0.1', basePath: '/', port: 62309, relaxedSecurityEnabled: true }
2025-08-15 01:03:48:291 [Appium] Enabling relaxed security. All insecure features will be enabled unless explicitly disabled by --deny-insecure
2025-08-15 01:03:48:292 [Appium] The autodetected Appium home path: /Users/abidshah/youtube-bdd-ios
2025-08-15 01:03:48:292 [Appium] Attempting to load driver xcuitest...
2025-08-15 01:03:48:294 [Appium] Requiring driver at /Users/abidshah/youtube-bdd-ios/node_modules/appium-xcuitest-driver/build/index.js
2025-08-15 01:03:49:273 [Appium] XCUITestDriver has been successfully loaded in 0.980s
2025-08-15 01:03:49:285 [Appium] Appium REST http interface listener started on http://127.0.0.1:62309
2025-08-15 01:03:49:285 [Appium] Available drivers:
2025-08-15 01:03:49:286 [Appium]   - xcuitest@9.10.4 (automationName 'XCUITest')
2025-08-15 01:03:49:286 [Appium] No plugins have been installed. Use the "appium plugin" command to install the one(s) you want to use.
2025-08-15 01:03:49:914 [HTTP] --> POST /session {"capabilities":{"alwaysMatch":{"platformName":"iOS","appium:automationName":"XCUITest","appium:deviceName":"iPhone 15","appium:platformVersion":"18.5","appium:udid":"auto","appium:bundleId":"com.google.ios.youtube","appium:noReset":false,"appium:fullReset":false,"appium:newCommandTimeout":300,"appium:autoAcceptAlerts":true,"appium:autoDismissAlerts":true},"firstMatch":[{}]}}
2025-08-15 01:03:49:915 [AppiumDriver@bab2] Calling AppiumDriver.createSession() with args: [null,null,{"alwaysMatch":{"platformName":"iOS","appium:automationName":"XCUITest","appium:deviceName":"iPhone 15","appium:platformVersion":"18.5","appium:udid":"auto","appium:bundleId":"com.google.ios.youtube","appium:noReset":false,"appium:fullReset":false,"appium:newCommandTimeout":300,"appium:autoAcceptAlerts":true,"appium:autoDismissAlerts":true},"firstMatch":[{}]}]
2025-08-15 01:03:49:916 [AppiumDriver@bab2] Event 'newSessionRequested' logged at 1755219829916 (06:03:49 GMT+0500 (Pakistan Standard Time))
2025-08-15 01:03:49:919 [Appium] Attempting to find matching driver for automationName 'XCUITest' and platformName 'iOS'
2025-08-15 01:03:49:919 [Appium] The 'xcuitest' driver was installed and matched caps.
2025-08-15 01:03:49:920 [Appium] Will require it at /Users/abidshah/youtube-bdd-ios/node_modules/appium-xcuitest-driver
2025-08-15 01:03:49:921 [Appium] Requiring driver at /Users/abidshah/youtube-bdd-ios/node_modules/appium-xcuitest-driver/build/index.js
2025-08-15 01:03:49:922 [AppiumDriver@bab2] Appium v2.19.0 creating new XCUITestDriver (v9.10.4) session
2025-08-15 01:03:49:923 [AppiumDriver@bab2] Checking BaseDriver versions for Appium and XCUITestDriver
2025-08-15 01:03:49:923 [AppiumDriver@bab2] Appium's BaseDriver version is 9.18.0
2025-08-15 01:03:49:923 [AppiumDriver@bab2] XCUITestDriver's BaseDriver version is 9.18.0
2025-08-15 01:03:49:924 [AppiumDriver@bab2] Enabling relaxed security for this session as per the server configuration. All insecure features will be enabled unless explicitly disabled by --deny-insecure
2025-08-15 01:03:49:925 [XCUITestDriver@1828] 
2025-08-15 01:03:49:925 [XCUITestDriver@1828] Creating session with W3C capabilities: {
  "alwaysMatch": {
    "platformName": "iOS",
    "appium:automationName": "XCUITest",
    "appium:deviceName": "iPhone 15",
    "appium:platformVersion": "18.5",
    "appium:udid": "auto",
    "appium:bundleId": "com.google.ios.youtube",
    "appium:noReset": false,
    "appium:fullReset": false,
    "appium:newCommandTimeout": 300,
    "appium:autoAcceptAlerts": true,
    "appium:autoDismissAlerts": true
  },
  "firstMatch": [
    {}
  ]
}
2025-08-15 01:03:49:929 [8072569e][XCUITestDriver@1828] Session created with session id: 8072569e-b89b-4db5-8d69-1743651fe331
2025-08-15 01:03:49:936 [8072569e][XCUITest] Current user: 'abidshah'
2025-08-15 01:03:49:937 [8072569e][XCUITestDriver@1828] Auto-detecting real device udid...
2025-08-15 01:03:49:945 [8072569e][XCUITestDriver@1828] Detected real device udid: '00008130-00123D3E20C1401C'
2025-08-15 01:03:49:945 [8072569e][XCUITestDriver@1828] Creating iDevice object with udid '00008130-00123D3E20C1401C'
2025-08-15 01:03:49:945 [8072569e][XCUITestDriver@1828] Determining device to run tests on: udid: '00008130-00123D3E20C1401C', real device: true
2025-08-15 01:03:49:959 [8072569e][XCUITestDriver@1828] Event 'xcodeDetailsRetrieved' logged at 1755219829958 (06:03:49 GMT+0500 (Pakistan Standard Time))
2025-08-15 01:03:49:959 [8072569e][XCUITestDriver@1828] Event 'appConfigured' logged at 1755219829959 (06:03:49 GMT+0500 (Pakistan Standard Time))
2025-08-15 01:03:49:960 [8072569e][XCUITestDriver@1828] Event 'resetStarted' logged at 1755219829960 (06:03:49 GMT+0500 (Pakistan Standard Time))
2025-08-15 01:03:49:960 [8072569e][XCUITestDriver@1828] Reset: running ios real device reset flow
2025-08-15 01:03:49:960 [8072569e][XCUITestDriver@1828] Event 'resetComplete' logged at 1755219829960 (06:03:49 GMT+0500 (Pakistan Standard Time))
2025-08-15 01:03:49:960 [8072569e][XCUITestDriver@1828] Using WDA path: '/Users/abidshah/youtube-bdd-ios/node_modules/appium-xcuitest-driver/node_modules/appium-webdriveragent'
2025-08-15 01:03:49:961 [8072569e][XCUITestDriver@1828] Using WDA agent: '/Users/abidshah/youtube-bdd-ios/node_modules/appium-xcuitest-driver/node_modules/appium-webdriveragent/WebDriverAgent.xcodeproj'
2025-08-15 01:03:49:967 [8072569e][XCUITestDriver@1828] The pyidevice tool is not present in PATH. Skipping crash logs collection for real devices.
2025-08-15 01:03:50:090 [8072569e][XCUITestDriver@1828] Event 'logCaptureStarted' logged at 1755219830090 (06:03:50 GMT+0500 (Pakistan Standard Time))
2025-08-15 01:03:50:090 [8072569e][XCUITestDriver@1828] Setting up real device
2025-08-15 01:03:50:255 [8072569e][WebDriverAgent] Error getting processes listening on port '8100': 'lsof' executable is not found neither in the process working folder (/Users/abidshah/youtube-bdd-ios) nor in any folders specified in the PATH environment variable (/Users/abidshah/youtube-bdd-ios/node_modules/.bin:/Users/abidshah/youtube-bdd-ios/node_modules/.bin:/Users/abidshah/node_modules/.bin:/Users/node_modules/.bin:/node_modules/.bin:/opt/homebrew/lib/node_modules/npm/node_modules/@npmcli/run-script/lib/node-gyp-bin:/Users/abidshah/.codeium/windsurf/bin:/bin:/usr/bin:/opt/homebrew/bin:/opt/homebrew/sbin:/usr/local/bin/nordvpn)
2025-08-15 01:03:50:255 [8072569e][XCUITestDriver@1828] No obsolete cached processes from previous WDA sessions listening on port 8100 have been found
2025-08-15 01:03:50:255 [8072569e][DevCon Factory] Requesting connection for device 00008130-00123D3E20C1401C on local port 8100, device port 8100
2025-08-15 01:03:50:256 [8072569e][DevCon Factory] Cached connections count: 0
2025-08-15 01:03:50:258 [8072569e][DevCon Factory] Successfully requested the connection for 00008130-00123D3E20C1401C:8100
2025-08-15 01:03:50:259 [8072569e][XCUITestDriver@1828] Starting WebDriverAgent initialization with the synchronization key 'XCUITestDriver'
2025-08-15 01:03:50:260 [8072569e][WD Proxy] NoSessionProxy options: {"server":"127.0.0.1","port":"8100","base":"","timeout":3000,"scheme":"http","reqBasePath":"","sessionId":null}
2025-08-15 01:03:50:261 [8072569e][WD Proxy] Matched '/status' to command name 'getStatus'
2025-08-15 01:03:50:261 [8072569e][WD Proxy] Proxying [GET /status] to [GET http://127.0.0.1:8100/status] with no body
2025-08-15 01:03:50:276 [8072569e][WD Proxy] Got response with status 200: {"value":{"build":{"version":"9.15.2","time":"Aug 15 2025 03:45:26","productBundleIdentifier":"com.facebook.WebDriverAgentRunner"},"os":{"testmanagerdVersion":65535,"name":"iOS","sdkVersion":"18.4","version":"18.5"},"device":"iphone","ios":{"ip":"192.168.100.5"},"message":"WebDriverAgent is ready to accept commands","state":"success","ready":true},"sessionId":null}
2025-08-15 01:03:50:277 [8072569e][XCUITestDriver@1828] Upgrade timestamp of the currently bundled WDA: 1755028846303
2025-08-15 01:03:50:277 [8072569e][XCUITestDriver@1828] Upgrade timestamp of the WDA on the device: undefined
2025-08-15 01:03:50:277 [8072569e][XCUITestDriver@1828] Will reuse previously cached WDA instance at 'http://127.0.0.1:8100/' with 'com.facebook.WebDriverAgentRunner'. Set the wdaLocalPort capability to a value different from 8100 if this is an undesired behavior.
2025-08-15 01:03:50:278 [8072569e][XCUITestDriver@1828] Trying to start WebDriverAgent 1 times with 10000ms interval
2025-08-15 01:03:50:278 [8072569e][XCUITestDriver@1828] These values can be customized by changing wdaStartupRetries/wdaStartupRetryInterval capabilities
2025-08-15 01:03:50:278 [8072569e][XCUITestDriver@1828] Event 'wdaStartAttempted' logged at 1755219830278 (06:03:50 GMT+0500 (Pakistan Standard Time))
2025-08-15 01:03:50:278 [8072569e][XCUITestDriver@1828] Using provided WebdriverAgent at 'http://127.0.0.1:8100/'
2025-08-15 01:03:50:279 [8072569e][XCUITestDriver@1828] JWProxy options: {"scheme":"http","server":"127.0.0.1","port":8100,"base":"","timeout":240000,"keepAlive":true,"reqBasePath":"","sessionId":null}
2025-08-15 01:03:50:279 [8072569e][XCUITestDriver@1828] NoSessionProxy options: {"scheme":"http","server":"127.0.0.1","port":8100,"base":"","timeout":240000,"keepAlive":true,"reqBasePath":"","sessionId":null}
2025-08-15 01:03:50:279 [8072569e][WD Proxy] NoSessionProxy options: {"server":"127.0.0.1","port":"8100","base":"","timeout":3000,"scheme":"http","reqBasePath":"","sessionId":null}
2025-08-15 01:03:50:280 [8072569e][WD Proxy] Matched '/status' to command name 'getStatus'
2025-08-15 01:03:50:280 [8072569e][WD Proxy] Proxying [GET /status] to [GET http://127.0.0.1:8100/status] with no body
2025-08-15 01:03:50:290 [8072569e][WD Proxy] Got response with status 200: {"value":{"build":{"version":"9.15.2","time":"Aug 15 2025 03:45:26","productBundleIdentifier":"com.facebook.WebDriverAgentRunner"},"os":{"testmanagerdVersion":65535,"name":"iOS","sdkVersion":"18.4","version":"18.5"},"device":"iphone","ios":{"ip":"192.168.100.5"},"message":"WebDriverAgent is ready to accept commands","state":"success","ready":true},"sessionId":null}
2025-08-15 01:03:50:290 [8072569e][XCUITestDriver@1828] Event 'wdaSessionAttempted' logged at 1755219830290 (06:03:50 GMT+0500 (Pakistan Standard Time))
2025-08-15 01:03:50:291 [8072569e][XCUITestDriver@1828] Sending createSession command to WDA
2025-08-15 01:03:50:291 [8072569e][XCUITestDriver@1828] Matched '/session' to command name 'createSession'
2025-08-15 01:03:50:292 [8072569e][XCUITestDriver@1828] Proxying [POST /session] to [POST http://127.0.0.1:8100/session] with body: {"capabilities":{"firstMatch":[{"bundleId":"com.google.ios.youtube","arguments":[],"environment":{},"eventloopIdleDelaySec":0,"shouldWaitForQuiescence":true,"shouldUseTestManagerForVisibilityDetection":false,"maxTypingFrequency":60,"shouldUseSingletonTestManager":true,"shouldTerminateApp":true,"forceAppLaunch":true,"useNativeCachingStrategy":true,"forceSimulatorSoftwareKeyboardPresence":true,"defaultAlertAction":"accept"}],"alwaysMatch":{}}}
2025-08-15 01:03:51:187 [8072569e][XCUITestDriver@1828] Parsed BUILD_DIR configuration value: '/Users/abidshah/youtube-bdd-ios/node_modules/appium-xcuitest-driver/node_modules/appium-webdriveragent/build'
2025-08-15 01:03:51:188 [8072569e][XCUITestDriver@1828] Got derived data root: '/Users/abidshah/youtube-bdd-ios/node_modules/appium-xcuitest-driver/node_modules'
2025-08-15 01:03:51:824 [8072569e][XCUITestDriver@1828] Got response with status 200: {"value":{"sessionId":"83024232-2159-49E7-AFB1-21402CF408FA","capabilities":{"sdkVersion":"18.5","device":"iphone"}},"sessionId":"83024232-2159-49E7-AFB1-21402CF408FA"}
2025-08-15 01:03:51:824 [8072569e][XCUITestDriver@1828] Determined the downstream protocol as 'W3C'
2025-08-15 01:03:51:825 [8072569e][XCUITestDriver@1828] WDA session startup took 1534ms
2025-08-15 01:03:51:825 [8072569e][XCUITestDriver@1828] Event 'wdaSessionStarted' logged at 1755219831825 (06:03:51 GMT+0500 (Pakistan Standard Time))
2025-08-15 01:03:51:825 [8072569e][XCUITestDriver@1828] WebDriverAgent version: '9.15.2'
2025-08-15 01:03:51:825 [8072569e][XCUITestDriver@1828] Event 'wdaStarted' logged at 1755219831825 (06:03:51 GMT+0500 (Pakistan Standard Time))
2025-08-15 01:03:51:826 [8072569e][BaseDriver] The value of 'elementResponseAttributes' setting did not change. Skipping the update for it
2025-08-15 01:03:51:826 [8072569e][BaseDriver] The value of 'shouldUseCompactResponses' setting did not change. Skipping the update for it
2025-08-15 01:03:51:826 [8072569e][XCUITestDriver@1828] Forwarding MJPEG server port 9100 to local port 9100
2025-08-15 01:03:51:827 [8072569e][DevCon Factory] Requesting connection for device 00008130-00123D3E20C1401C on local port 9100, device port 9100
2025-08-15 01:03:51:827 [8072569e][DevCon Factory] Cached connections count: 1
2025-08-15 01:03:51:828 [8072569e][DevCon Factory] Successfully requested the connection for 00008130-00123D3E20C1401C:9100
2025-08-15 01:03:51:829 [8072569e][AppiumDriver@bab2] New XCUITestDriver session created successfully, session 8072569e-b89b-4db5-8d69-1743651fe331 added to master session list
2025-08-15 01:03:51:829 [8072569e][AppiumDriver@bab2] Event 'newSessionStarted' logged at 1755219831829 (06:03:51 GMT+0500 (Pakistan Standard Time))
2025-08-15 01:03:51:829 [8072569e][XCUITestDriver@1828] Cached the protocol value 'W3C' for the new session 8072569e-b89b-4db5-8d69-1743651fe331
2025-08-15 01:03:51:830 [8072569e][XCUITestDriver@1828] Responding to client with driver.createSession() result: {"capabilities":{"webStorageEnabled":false,"locationContextEnabled":false,"browserName":"","platform":"MAC","javascriptEnabled":true,"databaseEnabled":false,"takesScreenshot":true,"networkConnectionEnabled":false,"platformName":"iOS","automationName":"XCUITest","deviceName":"iPhone 15","platformVersion":"18.5","udid":"00008130-00123D3E20C1401C","bundleId":"com.google.ios.youtube","noReset":false,"fullReset":false,"newCommandTimeout":300,"autoAcceptAlerts":true,"autoDismissAlerts":true}}
2025-08-15 01:03:51:831 [8072569e][HTTP] <-- POST /session 200 1917 ms - 552 
2025-08-15 01:03:51:843 [8072569e][HTTP] --> POST /session/8072569e-b89b-4db5-8d69-1743651fe331/timeouts {"implicit":5000}
2025-08-15 01:03:51:844 [8072569e][XCUITestDriver@1828] Calling AppiumDriver.timeouts() with args: [null,null,null,null,5000,"8072569e-b89b-4db5-8d69-1743651fe331"]
2025-08-15 01:03:51:845 [8072569e][XCUITestDriver@1828] Executing command 'timeouts'
2025-08-15 01:03:51:845 [8072569e][XCUITestDriver@1828] W3C timeout argument: {"implicit":5000}}
2025-08-15 01:03:51:846 [8072569e][XCUITestDriver@1828] Set implicit wait to 5000ms
2025-08-15 01:03:51:846 [8072569e][XCUITestDriver@1828] Responding to client with driver.timeouts() result: null
2025-08-15 01:03:51:847 [8072569e][HTTP] <-- POST /session/8072569e-b89b-4db5-8d69-1743651fe331/timeouts 200 3 ms - 14 
2025-08-15 01:03:52:744 [8072569e][HTTP] --> DELETE /session/8072569e-b89b-4db5-8d69-1743651fe331 {}
2025-08-15 01:03:52:745 [8072569e][XCUITestDriver@1828] Calling AppiumDriver.deleteSession() with args: ["8072569e-b89b-4db5-8d69-1743651fe331"]
2025-08-15 01:03:52:745 [8072569e][AppiumDriver@bab2] Event 'quitSessionRequested' logged at 1755219832745 (06:03:52 GMT+0500 (Pakistan Standard Time))
2025-08-15 01:03:52:747 [8072569e][AppiumDriver@bab2] Removing session 8072569e-b89b-4db5-8d69-1743651fe331 from our master session list
2025-08-15 01:03:52:748 [8072569e][XCUITestDriver@1828] Proxying [DELETE /session/8072569e-b89b-4db5-8d69-1743651fe331] to [DELETE http://127.0.0.1:8100/session/83024232-2159-49E7-AFB1-21402CF408FA] with no body
2025-08-15 01:03:53:782 [8072569e][XCUITestDriver@1828] Got response with status 200: {"value":null,"sessionId":null}
2025-08-15 01:03:53:783 [8072569e][DevCon Factory] Releasing connections for 00008130-00123D3E20C1401C device on any port number
2025-08-15 01:03:53:784 [8072569e][DevCon Factory] Found cached connections to release: ["00008130-00123D3E20C1401C:8100","00008130-00123D3E20C1401C:9100"]
2025-08-15 01:03:53:784 [8072569e][DevCon Factory] Releasing the listener for '00008130-00123D3E20C1401C:8100'
2025-08-15 01:03:53:785 [8072569e][iProxy@00008130:8100] Closing the connection
2025-08-15 01:03:53:785 [8072569e][DevCon Factory] Releasing the listener for '00008130-00123D3E20C1401C:9100'
2025-08-15 01:03:53:785 [8072569e][iProxy@00008130:9100] Closing the connection
2025-08-15 01:03:53:786 [8072569e][DevCon Factory] Cached connections count: 0
2025-08-15 01:03:53:786 [8072569e][XCUITestDriver@1828] Not clearing log files. Use `clearSystemFiles` capability to turn on.
2025-08-15 01:03:53:787 [8072569e][iProxy@00008130:9100] The connection has been closed
2025-08-15 01:03:53:788 [8072569e][AppiumDriver@bab2] Event 'quitSessionFinished' logged at 1755219833788 (06:03:53 GMT+0500 (Pakistan Standard Time))
2025-08-15 01:03:53:789 [8072569e][AppiumDriver@bab2] Received response: null
2025-08-15 01:03:53:789 [8072569e][AppiumDriver@bab2] But deleting session, so not returning
2025-08-15 01:03:53:789 [8072569e][AppiumDriver@bab2] Responding to client with driver.deleteSession() result: null
2025-08-15 01:03:53:791 [8072569e][HTTP] <-- DELETE /session/8072569e-b89b-4db5-8d69-1743651fe331 200 1046 ms - 14 
2025-08-15 01:04:23:787 [8072569e][iProxy@00008130:8100] The connection has been closed
2025-08-15 01:04:23:791 uncaughtException: write EPIPE
Error: write EPIPE
    at afterWriteDispatched (node:internal/stream_base_commons:159:15)
    at writeGeneric (node:internal/stream_base_commons:150:3)
    at Socket._writeGeneric (node:net:971:11)
    at Socket._write (node:net:983:8)
    at writeOrBuffer (node:internal/streams/writable:570:12)
    at _write (node:internal/streams/writable:499:10)
    at Socket.Writable.write (node:internal/streams/writable:508:10)
    at Console.log (/Users/abidshah/youtube-bdd-ios/node_modules/winston/lib/winston/transports/console.js:87:23)
    at Console._write (/Users/abidshah/youtube-bdd-ios/node_modules/winston-transport/modern.js:103:17)
    at doWrite (/Users/abidshah/youtube-bdd-ios/node_modules/winston-transport/node_modules/readable-stream/lib/_stream_writable.js:390:139)
    at writeOrBuffer (/Users/abidshah/youtube-bdd-ios/node_modules/winston-transport/node_modules/readable-stream/lib/_stream_writable.js:381:5)
    at Console.Writable.write (/Users/abidshah/youtube-bdd-ios/node_modules/winston-transport/node_modules/readable-stream/lib/_stream_writable.js:302:11)
    at DerivedLogger.ondata (/Users/abidshah/youtube-bdd-ios/node_modules/winston/node_modules/readable-stream/lib/_stream_readable.js:629:20)
    at DerivedLogger.emit (node:events:519:35)
    at addChunk (/Users/abidshah/youtube-bdd-ios/node_modules/winston/node_modules/readable-stream/lib/_stream_readable.js:279:12)
    at readableAddChunk (/Users/abidshah/youtube-bdd-ios/node_modules/winston/node_modules/readable-stream/lib/_stream_readable.js:262:11)
    at DerivedLogger.Readable.push (/Users/abidshah/youtube-bdd-ios/node_modules/winston/node_modules/readable-stream/lib/_stream_readable.js:228:10)
    at DerivedLogger.Transform.push (/Users/abidshah/youtube-bdd-ios/node_modules/winston/node_modules/readable-stream/lib/_stream_transform.js:132:32)
    at DerivedLogger._transform (/Users/abidshah/youtube-bdd-ios/node_modules/winston/lib/winston/logger.js:314:12)
    at DerivedLogger.Transform._read (/Users/abidshah/youtube-bdd-ios/node_modules/winston/node_modules/readable-stream/lib/_stream_transform.js:166:10)
    at DerivedLogger.Transform._write (/Users/abidshah/youtube-bdd-ios/node_modules/winston/node_modules/readable-stream/lib/_stream_transform.js:155:83)
    at doWrite (/Users/abidshah/youtube-bdd-ios/node_modules/winston/node_modules/readable-stream/lib/_stream_writable.js:390:139)
2025-08-15 01:04:23:793 uncaughtException: write EPIPE
Error: write EPIPE
    at afterWriteDispatched (node:internal/stream_base_commons:159:15)
    at writeGeneric (node:internal/stream_base_commons:150:3)
    at Socket._writeGeneric (node:net:971:11)
    at Socket._write (node:net:983:8)
    at writeOrBuffer (node:internal/streams/writable:570:12)
    at _write (node:internal/streams/writable:499:10)
    at Socket.Writable.write (node:internal/streams/writable:508:10)
    at Console.log (/Users/abidshah/youtube-bdd-ios/node_modules/winston/lib/winston/transports/console.js:59:25)
    at Console._write (/Users/abidshah/youtube-bdd-ios/node_modules/winston-transport/modern.js:103:17)
    at doWrite (/Users/abidshah/youtube-bdd-ios/node_modules/winston-transport/node_modules/readable-stream/lib/_stream_writable.js:390:139)
    at writeOrBuffer (/Users/abidshah/youtube-bdd-ios/node_modules/winston-transport/node_modules/readable-stream/lib/_stream_writable.js:381:5)
    at Console.Writable.write (/Users/abidshah/youtube-bdd-ios/node_modules/winston-transport/node_modules/readable-stream/lib/_stream_writable.js:302:11)
    at DerivedLogger.ondata (/Users/abidshah/youtube-bdd-ios/node_modules/winston/node_modules/readable-stream/lib/_stream_readable.js:629:20)
    at DerivedLogger.emit (node:events:519:35)
    at addChunk (/Users/abidshah/youtube-bdd-ios/node_modules/winston/node_modules/readable-stream/lib/_stream_readable.js:279:12)
    at readableAddChunk (/Users/abidshah/youtube-bdd-ios/node_modules/winston/node_modules/readable-stream/lib/_stream_readable.js:262:11)
    at DerivedLogger.Readable.push (/Users/abidshah/youtube-bdd-ios/node_modules/winston/node_modules/readable-stream/lib/_stream_readable.js:228:10)
    at DerivedLogger.Transform.push (/Users/abidshah/youtube-bdd-ios/node_modules/winston/node_modules/readable-stream/lib/_stream_transform.js:132:32)
    at DerivedLogger._transform (/Users/abidshah/youtube-bdd-ios/node_modules/winston/lib/winston/logger.js:314:12)
    at DerivedLogger.Transform._read (/Users/abidshah/youtube-bdd-ios/node_modules/winston/node_modules/readable-stream/lib/_stream_transform.js:166:10)
    at DerivedLogger.Transform._write (/Users/abidshah/youtube-bdd-ios/node_modules/winston/node_modules/readable-stream/lib/_stream_transform.js:155:83)
    at doWrite (/Users/abidshah/youtube-bdd-ios/node_modules/winston/node_modules/readable-stream/lib/_stream_writable.js:390:139)
2025-08-15 01:04:23:796 uncaughtException: write EPIPE
Error: write EPIPE
    at afterWriteDispatched (node:internal/stream_base_commons:159:15)
    at writeGeneric (node:internal/stream_base_commons:150:3)
    at Socket._writeGeneric (node:net:971:11)
    at Socket._write (node:net:983:8)
    at writeOrBuffer (node:internal/streams/writable:570:12)
    at _write (node:internal/streams/writable:499:10)
    at Socket.Writable.write (node:internal/streams/writable:508:10)
    at Console.log (/Users/abidshah/youtube-bdd-ios/node_modules/winston/lib/winston/transports/console.js:59:25)
    at Console._write (/Users/abidshah/youtube-bdd-ios/node_modules/winston-transport/modern.js:103:17)
    at doWrite (/Users/abidshah/youtube-bdd-ios/node_modules/winston-transport/node_modules/readable-stream/lib/_stream_writable.js:390:139)
    at writeOrBuffer (/Users/abidshah/youtube-bdd-ios/node_modules/winston-transport/node_modules/readable-stream/lib/_stream_writable.js:381:5)
    at Console.Writable.write (/Users/abidshah/youtube-bdd-ios/node_modules/winston-transport/node_modules/readable-stream/lib/_stream_writable.js:302:11)
    at DerivedLogger.ondata (/Users/abidshah/youtube-bdd-ios/node_modules/winston/node_modules/readable-stream/lib/_stream_readable.js:629:20)
    at DerivedLogger.emit (node:events:519:35)
    at addChunk (/Users/abidshah/youtube-bdd-ios/node_modules/winston/node_modules/readable-stream/lib/_stream_readable.js:279:12)
    at readableAddChunk (/Users/abidshah/youtube-bdd-ios/node_modules/winston/node_modules/readable-stream/lib/_stream_readable.js:262:11)
    at DerivedLogger.Readable.push (/Users/abidshah/youtube-bdd-ios/node_modules/winston/node_modules/readable-stream/lib/_stream_readable.js:228:10)
    at DerivedLogger.Transform.push (/Users/abidshah/youtube-bdd-ios/node_modules/winston/node_modules/readable-stream/lib/_stream_transform.js:132:32)
    at DerivedLogger._transform (/Users/abidshah/youtube-bdd-ios/node_modules/winston/lib/winston/logger.js:314:12)
    at DerivedLogger.Transform._read (/Users/abidshah/youtube-bdd-ios/node_modules/winston/node_modules/readable-stream/lib/_stream_transform.js:166:10)
    at DerivedLogger.Transform._write (/Users/abidshah/youtube-bdd-ios/node_modules/winston/node_modules/readable-stream/lib/_stream_transform.js:155:83)
    at doWrite (/Users/abidshah/youtube-bdd-ios/node_modules/winston/node_modules/readable-stream/lib/_stream_writable.js:390:139)
2025-08-15 01:04:23:797 uncaughtException: write EPIPE
Error: write EPIPE
    at afterWriteDispatched (node:internal/stream_base_commons:159:15)
    at writeGeneric (node:internal/stream_base_commons:150:3)
    at Socket._writeGeneric (node:net:971:11)
    at Socket._write (node:net:983:8)
    at writeOrBuffer (node:internal/streams/writable:570:12)
    at _write (node:internal/streams/writable:499:10)
    at Socket.Writable.write (node:internal/streams/writable:508:10)
    at Console.log (/Users/abidshah/youtube-bdd-ios/node_modules/winston/lib/winston/transports/console.js:59:25)
    at Console._write (/Users/abidshah/youtube-bdd-ios/node_modules/winston-transport/modern.js:103:17)
    at doWrite (/Users/abidshah/youtube-bdd-ios/node_modules/winston-transport/node_modules/readable-stream/lib/_stream_writable.js:390:139)
    at writeOrBuffer (/Users/abidshah/youtube-bdd-ios/node_modules/winston-transport/node_modules/readable-stream/lib/_stream_writable.js:381:5)
    at Console.Writable.write (/Users/abidshah/youtube-bdd-ios/node_modules/winston-transport/node_modules/readable-stream/lib/_stream_writable.js:302:11)
    at DerivedLogger.ondata (/Users/abidshah/youtube-bdd-ios/node_modules/winston/node_modules/readable-stream/lib/_stream_readable.js:629:20)
    at DerivedLogger.emit (node:events:519:35)
    at addChunk (/Users/abidshah/youtube-bdd-ios/node_modules/winston/node_modules/readable-stream/lib/_stream_readable.js:279:12)
    at readableAddChunk (/Users/abidshah/youtube-bdd-ios/node_modules/winston/node_modules/readable-stream/lib/_stream_readable.js:262:11)
    at DerivedLogger.Readable.push (/Users/abidshah/youtube-bdd-ios/node_modules/winston/node_modules/readable-stream/lib/_stream_readable.js:228:10)
    at DerivedLogger.Transform.push (/Users/abidshah/youtube-bdd-ios/node_modules/winston/node_modules/readable-stream/lib/_stream_transform.js:132:32)
    at DerivedLogger._transform (/Users/abidshah/youtube-bdd-ios/node_modules/winston/lib/winston/logger.js:314:12)
    at DerivedLogger.Transform._read (/Users/abidshah/youtube-bdd-ios/node_modules/winston/node_modules/readable-stream/lib/_stream_transform.js:166:10)
    at DerivedLogger.Transform._write (/Users/abidshah/youtube-bdd-ios/node_modules/winston/node_modules/readable-stream/lib/_stream_transform.js:155:83)
    at doWrite (/Users/abidshah/youtube-bdd-ios/node_modules/winston/node_modules/readable-stream/lib/_stream_writable.js:390:139)
2025-08-15 01:04:23:799 uncaughtException: write EPIPE
Error: write EPIPE
    at afterWriteDispatched (node:internal/stream_base_commons:159:15)
    at writeGeneric (node:internal/stream_base_commons:150:3)
    at Socket._writeGeneric (node:net:971:11)
    at Socket._write (node:net:983:8)
    at writeOrBuffer (node:internal/streams/writable:570:12)
    at _write (node:internal/streams/writable:499:10)
    at Socket.Writable.write (node:internal/streams/writable:508:10)
    at Console.log (/Users/abidshah/youtube-bdd-ios/node_modules/winston/lib/winston/transports/console.js:59:25)
    at Console._write (/Users/abidshah/youtube-bdd-ios/node_modules/winston-transport/modern.js:103:17)
    at doWrite (/Users/abidshah/youtube-bdd-ios/node_modules/winston-transport/node_modules/readable-stream/lib/_stream_writable.js:390:139)
    at writeOrBuffer (/Users/abidshah/youtube-bdd-ios/node_modules/winston-transport/node_modules/readable-stream/lib/_stream_writable.js:381:5)
    at Console.Writable.write (/Users/abidshah/youtube-bdd-ios/node_modules/winston-transport/node_modules/readable-stream/lib/_stream_writable.js:302:11)
    at DerivedLogger.ondata (/Users/abidshah/youtube-bdd-ios/node_modules/winston/node_modules/readable-stream/lib/_stream_readable.js:629:20)
    at DerivedLogger.emit (node:events:519:35)
    at addChunk (/Users/abidshah/youtube-bdd-ios/node_modules/winston/node_modules/readable-stream/lib/_stream_readable.js:279:12)
    at readableAddChunk (/Users/abidshah/youtube-bdd-ios/node_modules/winston/node_modules/readable-stream/lib/_stream_readable.js:262:11)
    at DerivedLogger.Readable.push (/Users/abidshah/youtube-bdd-ios/node_modules/winston/node_modules/readable-stream/lib/_stream_readable.js:228:10)
    at DerivedLogger.Transform.push (/Users/abidshah/youtube-bdd-ios/node_modules/winston/node_modules/readable-stream/lib/_stream_transform.js:132:32)
    at DerivedLogger._transform (/Users/abidshah/youtube-bdd-ios/node_modules/winston/lib/winston/logger.js:314:12)
    at DerivedLogger.Transform._read (/Users/abidshah/youtube-bdd-ios/node_modules/winston/node_modules/readable-stream/lib/_stream_transform.js:166:10)
    at DerivedLogger.Transform._write (/Users/abidshah/youtube-bdd-ios/node_modules/winston/node_modules/readable-stream/lib/_stream_transform.js:155:83)
    at doWrite (/Users/abidshah/youtube-bdd-ios/node_modules/winston/node_modules/readable-stream/lib/_stream_writable.js:390:139)
2025-08-15 01:04:23:800 uncaughtException: write EPIPE
Error: write EPIPE
    at afterWriteDispatched (node:internal/stream_base_commons:159:15)
    at writeGeneric (node:internal/stream_base_commons:150:3)
    at Socket._writeGeneric (node:net:971:11)
    at Socket._write (node:net:983:8)
    at writeOrBuffer (node:internal/streams/writable:570:12)
    at _write (node:internal/streams/writable:499:10)
    at Socket.Writable.write (node:internal/streams/writable:508:10)
    at Console.log (/Users/abidshah/youtube-bdd-ios/node_modules/winston/lib/winston/transports/console.js:59:25)
    at Console._write (/Users/abidshah/youtube-bdd-ios/node_modules/winston-transport/modern.js:103:17)
    at doWrite (/Users/abidshah/youtube-bdd-ios/node_modules/winston-transport/node_modules/readable-stream/lib/_stream_writable.js:390:139)
    at writeOrBuffer (/Users/abidshah/youtube-bdd-ios/node_modules/winston-transport/node_modules/readable-stream/lib/_stream_writable.js:381:5)
    at Console.Writable.write (/Users/abidshah/youtube-bdd-ios/node_modules/winston-transport/node_modules/readable-stream/lib/_stream_writable.js:302:11)
    at DerivedLogger.ondata (/Users/abidshah/youtube-bdd-ios/node_modules/winston/node_modules/readable-stream/lib/_stream_readable.js:629:20)
    at DerivedLogger.emit (node:events:519:35)
    at addChunk (/Users/abidshah/youtube-bdd-ios/node_modules/winston/node_modules/readable-stream/lib/_stream_readable.js:279:12)
    at readableAddChunk (/Users/abidshah/youtube-bdd-ios/node_modules/winston/node_modules/readable-stream/lib/_stream_readable.js:262:11)
    at DerivedLogger.Readable.push (/Users/abidshah/youtube-bdd-ios/node_modules/winston/node_modules/readable-stream/lib/_stream_readable.js:228:10)
    at DerivedLogger.Transform.push (/Users/abidshah/youtube-bdd-ios/node_modules/winston/node_modules/readable-stream/lib/_stream_transform.js:132:32)
    at DerivedLogger._transform (/Users/abidshah/youtube-bdd-ios/node_modules/winston/lib/winston/logger.js:314:12)
    at DerivedLogger.Transform._read (/Users/abidshah/youtube-bdd-ios/node_modules/winston/node_modules/readable-stream/lib/_stream_transform.js:166:10)
    at DerivedLogger.Transform._write (/Users/abidshah/youtube-bdd-ios/node_modules/winston/node_modules/readable-stream/lib/_stream_transform.js:155:83)
    at doWrite (/Users/abidshah/youtube-bdd-ios/node_modules/winston/node_modules/readable-stream/lib/_stream_writable.js:390:139)
2025-08-15 01:04:23:801 uncaughtException: write EPIPE
Error: write EPIPE
    at afterWriteDispatched (node:internal/stream_base_commons:159:15)
    at writeGeneric (node:internal/stream_base_commons:150:3)
    at Socket._writeGeneric (node:net:971:11)
    at Socket._write (node:net:983:8)
    at writeOrBuffer (node:internal/streams/writable:570:12)
    at _write (node:internal/streams/writable:499:10)
    at Socket.Writable.write (node:internal/streams/writable:508:10)
    at Console.log (/Users/abidshah/youtube-bdd-ios/node_modules/winston/lib/winston/transports/console.js:59:25)
    at Console._write (/Users/abidshah/youtube-bdd-ios/node_modules/winston-transport/modern.js:103:17)
    at doWrite (/Users/abidshah/youtube-bdd-ios/node_modules/winston-transport/node_modules/readable-stream/lib/_stream_writable.js:390:139)
    at writeOrBuffer (/Users/abidshah/youtube-bdd-ios/node_modules/winston-transport/node_modules/readable-stream/lib/_stream_writable.js:381:5)
    at Console.Writable.write (/Users/abidshah/youtube-bdd-ios/node_modules/winston-transport/node_modules/readable-stream/lib/_stream_writable.js:302:11)
    at DerivedLogger.ondata (/Users/abidshah/youtube-bdd-ios/node_modules/winston/node_modules/readable-stream/lib/_stream_readable.js:629:20)
    at DerivedLogger.emit (node:events:519:35)
    at addChunk (/Users/abidshah/youtube-bdd-ios/node_modules/winston/node_modules/readable-stream/lib/_stream_readable.js:279:12)
    at readableAddChunk (/Users/abidshah/youtube-bdd-ios/node_modules/winston/node_modules/readable-stream/lib/_stream_readable.js:262:11)
    at DerivedLogger.Readable.push (/Users/abidshah/youtube-bdd-ios/node_modules/winston/node_modules/readable-stream/lib/_stream_readable.js:228:10)
    at DerivedLogger.Transform.push (/Users/abidshah/youtube-bdd-ios/node_modules/winston/node_modules/readable-stream/lib/_stream_transform.js:132:32)
    at DerivedLogger._transform (/Users/abidshah/youtube-bdd-ios/node_modules/winston/lib/winston/logger.js:314:12)
    at DerivedLogger.Transform._read (/Users/abidshah/youtube-bdd-ios/node_modules/winston/node_modules/readable-stream/lib/_stream_transform.js:166:10)
    at DerivedLogger.Transform._write (/Users/abidshah/youtube-bdd-ios/node_modules/winston/node_modules/readable-stream/lib/_stream_transform.js:155:83)
    at doWrite (/Users/abidshah/youtube-bdd-ios/node_modules/winston/node_modules/readable-stream/lib/_stream_writable.js:390:139)
2025-08-15 01:04:23:803 uncaughtException: write EPIPE
Error: write EPIPE
    at afterWriteDispatched (node:internal/stream_base_commons:159:15)
    at writeGeneric (node:internal/stream_base_commons:150:3)
    at Socket._writeGeneric (node:net:971:11)
    at Socket._write (node:net:983:8)
    at writeOrBuffer (node:internal/streams/writable:570:12)
    at _write (node:internal/streams/writable:499:10)
    at Socket.Writable.write (node:internal/streams/writable:508:10)
    at Console.log (/Users/abidshah/youtube-bdd-ios/node_modules/winston/lib/winston/transports/console.js:59:25)
    at Console._write (/Users/abidshah/youtube-bdd-ios/node_modules/winston-transport/modern.js:103:17)
    at doWrite (/Users/abidshah/youtube-bdd-ios/node_modules/winston-transport/node_modules/readable-stream/lib/_stream_writable.js:390:139)
    at writeOrBuffer (/Users/abidshah/youtube-bdd-ios/node_modules/winston-transport/node_modules/readable-stream/lib/_stream_writable.js:381:5)
    at Console.Writable.write (/Users/abidshah/youtube-bdd-ios/node_modules/winston-transport/node_modules/readable-stream/lib/_stream_writable.js:302:11)
    at DerivedLogger.ondata (/Users/abidshah/youtube-bdd-ios/node_modules/winston/node_modules/readable-stream/lib/_stream_readable.js:629:20)
    at DerivedLogger.emit (node:events:519:35)
    at addChunk (/Users/abidshah/youtube-bdd-ios/node_modules/winston/node_modules/readable-stream/lib/_stream_readable.js:279:12)
    at readableAddChunk (/Users/abidshah/youtube-bdd-ios/node_modules/winston/node_modules/readable-stream/lib/_stream_readable.js:262:11)
    at DerivedLogger.Readable.push (/Users/abidshah/youtube-bdd-ios/node_modules/winston/node_modules/readable-stream/lib/_stream_readable.js:228:10)
    at DerivedLogger.Transform.push (/Users/abidshah/youtube-bdd-ios/node_modules/winston/node_modules/readable-stream/lib/_stream_transform.js:132:32)
    at DerivedLogger._transform (/Users/abidshah/youtube-bdd-ios/node_modules/winston/lib/winston/logger.js:314:12)
    at DerivedLogger.Transform._read (/Users/abidshah/youtube-bdd-ios/node_modules/winston/node_modules/readable-stream/lib/_stream_transform.js:166:10)
    at DerivedLogger.Transform._write (/Users/abidshah/youtube-bdd-ios/node_modules/winston/node_modules/readable-stream/lib/_stream_transform.js:155:83)
    at doWrite (/Users/abidshah/youtube-bdd-ios/node_modules/winston/node_modules/readable-stream/lib/_stream_writable.js:390:139)
2025-08-15 01:04:23:804 uncaughtException: write EPIPE
Error: write EPIPE
    at afterWriteDispatched (node:internal/stream_base_commons:159:15)
    at writeGeneric (node:internal/stream_base_commons:150:3)
    at Socket._writeGeneric (node:net:971:11)
    at Socket._write (node:net:983:8)
    at writeOrBuffer (node:internal/streams/writable:570:12)
    at _write (node:internal/streams/writable:499:10)
    at Socket.Writable.write (node:internal/streams/writable:508:10)
    at Console.log (/Users/abidshah/youtube-bdd-ios/node_modules/winston/lib/winston/transports/console.js:59:25)
    at Console._write (/Users/abidshah/youtube-bdd-ios/node_modules/winston-transport/modern.js:103:17)
    at doWrite (/Users/abidshah/youtube-bdd-ios/node_modules/winston-transport/node_modules/readable-stream/lib/_stream_writable.js:390:139)
    at writeOrBuffer (/Users/abidshah/youtube-bdd-ios/node_modules/winston-transport/node_modules/readable-stream/lib/_stream_writable.js:381:5)
    at Console.Writable.write (/Users/abidshah/youtube-bdd-ios/node_modules/winston-transport/node_modules/readable-stream/lib/_stream_writable.js:302:11)
    at DerivedLogger.ondata (/Users/abidshah/youtube-bdd-ios/node_modules/winston/node_modules/readable-stream/lib/_stream_readable.js:629:20)
    at DerivedLogger.emit (node:events:519:35)
    at addChunk (/Users/abidshah/youtube-bdd-ios/node_modules/winston/node_modules/readable-stream/lib/_stream_readable.js:279:12)
    at readableAddChunk (/Users/abidshah/youtube-bdd-ios/node_modules/winston/node_modules/readable-stream/lib/_stream_readable.js:262:11)
    at DerivedLogger.Readable.push (/Users/abidshah/youtube-bdd-ios/node_modules/winston/node_modules/readable-stream/lib/_stream_readable.js:228:10)
    at DerivedLogger.Transform.push (/Users/abidshah/youtube-bdd-ios/node_modules/winston/node_modules/readable-stream/lib/_stream_transform.js:132:32)
    at DerivedLogger._transform (/Users/abidshah/youtube-bdd-ios/node_modules/winston/lib/winston/logger.js:314:12)
    at DerivedLogger.Transform._read (/Users/abidshah/youtube-bdd-ios/node_modules/winston/node_modules/readable-stream/lib/_stream_transform.js:166:10)
    at DerivedLogger.Transform._write (/Users/abidshah/youtube-bdd-ios/node_modules/winston/node_modules/readable-stream/lib/_stream_transform.js:155:83)
    at doWrite (/Users/abidshah/youtube-bdd-ios/node_modules/winston/node_modules/readable-stream/lib/_stream_writable.js:390:139)
2025-08-15 01:04:23:808 uncaughtException: write EPIPE
Error: write EPIPE
    at afterWriteDispatched (node:internal/stream_base_commons:159:15)
    at writeGeneric (node:internal/stream_base_commons:150:3)
    at Socket._writeGeneric (node:net:971:11)
    at Socket._write (node:net:983:8)
    at writeOrBuffer (node:internal/streams/writable:570:12)
    at _write (node:internal/streams/writable:499:10)
    at Socket.Writable.write (node:internal/streams/writable:508:10)
    at Console.log (/Users/abidshah/youtube-bdd-ios/node_modules/winston/lib/winston/transports/console.js:59:25)
    at Console._write (/Users/abidshah/youtube-bdd-ios/node_modules/winston-transport/modern.js:103:17)
    at doWrite (/Users/abidshah/youtube-bdd-ios/node_modules/winston-transport/node_modules/readable-stream/lib/_stream_writable.js:390:139)
    at writeOrBuffer (/Users/abidshah/youtube-bdd-ios/node_modules/winston-transport/node_modules/readable-stream/lib/_stream_writable.js:381:5)
    at Console.Writable.write (/Users/abidshah/youtube-bdd-ios/node_modules/winston-transport/node_modules/readable-stream/lib/_stream_writable.js:302:11)
    at DerivedLogger.ondata (/Users/abidshah/youtube-bdd-ios/node_modules/winston/node_modules/readable-stream/lib/_stream_readable.js:629:20)
    at DerivedLogger.emit (node:events:519:35)
    at addChunk (/Users/abidshah/youtube-bdd-ios/node_modules/winston/node_modules/readable-stream/lib/_stream_readable.js:279:12)
    at readableAddChunk (/Users/abidshah/youtube-bdd-ios/node_modules/winston/node_modules/readable-stream/lib/_stream_readable.js:262:11)
    at DerivedLogger.Readable.push (/Users/abidshah/youtube-bdd-ios/node_modules/winston/node_modules/readable-stream/lib/_stream_readable.js:228:10)
    at DerivedLogger.Transform.push (/Users/abidshah/youtube-bdd-ios/node_modules/winston/node_modules/readable-stream/lib/_stream_transform.js:132:32)
    at DerivedLogger._transform (/Users/abidshah/youtube-bdd-ios/node_modules/winston/lib/winston/logger.js:314:12)
    at DerivedLogger.Transform._read (/Users/abidshah/youtube-bdd-ios/node_modules/winston/node_modules/readable-stream/lib/_stream_transform.js:166:10)
    at DerivedLogger.Transform._write (/Users/abidshah/youtube-bdd-ios/node_modules/winston/node_modules/readable-stream/lib/_stream_transform.js:155:83)
    at doWrite (/Users/abidshah/youtube-bdd-ios/node_modules/winston/node_modules/readable-stream/lib/_stream_writable.js:390:139)
